T2858 76695:854.877   SEGGER J-Link V7.52a Log File
T2858 76695:854.942   DLL Compiled: Jul 28 2021 11:08:12
T2858 76695:854.966   Logging started @ 2023-12-16 00:37
T2858 76695:854.986 - 38.140ms
T2858 76695:855.014 JLINK_ExecCommand("device = ATSAMD21G18A", ...). 
T2858 76695:855.262   Device "ATSAMD21G18" selected.
T2858 76695:855.474 - 0.453ms returns 0x00
T2858 76695:855.508 JLINK_GetHWStatus(...)
T2858 76695:855.725 - 0.233ms returns 0
T2858 76695:855.756 JLINK_ClrRESET()
T2858 76695:857.389 - 1.661ms
T2858 76695:864.295 JLINK_SetRESET()
T2858 76695:864.476 - 0.199ms
T2858 76695:870.298 JLINK_ClrRESET()
T2858 76695:871.472 - 1.204ms
T2858 76695:877.468 JLINK_ClrTCK()
T2858 76695:877.657 - 0.255ms returns 0
T2858 76695:884.489 JLINK_SetRESET()
T2858 76695:884.708 - 0.254ms
T2858 76695:889.702 JLINK_Clock()
T2858 76695:889.938 - 0.247ms returns 1
T2858 76695:894.816 JLINK_TIF_Select(JLINKARM_TIF_SWD)
T2858 76695:895.487 - 0.682ms returns 0x00
T2858 76695:895.507 JLINK_SetSpeed(50)
T2858 76695:895.617 - 0.128ms
T2858 76695:895.643 JLINK_CORESIGHT_Configure()
T2858 76695:904.242 - 8.613ms returns 0
T2858 76695:904.304 JLINK_CORESIGHT_WriteAPDPReg(DP reg 0x02, 0x00000000)
T2858 76695:905.461 - 1.168ms returns 0
T2858 76695:905.484 JLINK_CORESIGHT_WriteAPDPReg(AP reg 0x00, 0x23000040)
T2858 76695:906.636 - 1.164ms returns 0
T2858 76695:906.665 JLINK_CORESIGHT_WriteAPDPReg(AP reg 0x01, 0x41002101)
T2858 76695:907.937 - 1.283ms returns 0
T2858 76695:907.959 JLINK_CORESIGHT_ReadAPDPReg(AP reg 0x03)
T2858 76695:910.047   Value=0x00120200
T2858 76695:910.065 - 2.109ms returns 0
T2858 76695:910.083 JLINK_CORESIGHT_WriteAPDPReg(AP reg 0x01, 0x41002100)
T2858 76695:911.250 - 1.222ms returns 0
T2858 76695:911.348 JLINK_CORESIGHT_WriteAPDPReg(AP reg 0x03, 0x00000010)
T2858 76695:912.585 - 1.249ms returns 0
T2858 76695:912.607 JLINK_CORESIGHT_WriteAPDPReg(AP reg 0x01, 0x41002101)
T2858 76695:913.766 - 1.169ms returns 0
T2858 76695:913.789 JLINK_CORESIGHT_ReadAPDPReg(AP reg 0x03)
T2858 76695:915.862   Value=0x01120200
T2858 76695:915.878 - 2.092ms returns 0
T2858 76696:115.937 JLINK_CORESIGHT_ReadAPDPReg(AP reg 0x03)
T2858 76696:118.179   Value=0x00120300
T2858 76696:118.198 - 2.265ms returns 0
T2858 76696:123.676 JLINK_ExecCommand("Device = ATSAMD21G18A", ...). 
T2858 76696:123.974   Device "ATSAMD21G18" selected.
T2858 76696:124.219 - 0.531ms returns 0x00
T2858 76696:124.233 JLINK_TIF_Select(JLINKARM_TIF_SWD)
T2858 76696:124.241 - 0.011ms returns 0x00
T2858 76696:124.249 JLINK_SetSpeed(2000)
T2858 76696:124.380 - 0.138ms
T2858 76696:124.394 JLINK_ResetPullsRESET(OFF)
T2858 76696:124.400 - 0.008ms
T2858 76696:124.406 JLINK_Connect()
T2858 76696:124.687   InitTarget() start
T2858 76696:124.701    J-Link Script File: Executing InitTarget()
T2858 76696:124.718   InitTarget()
T2858 76696:130.084   InitTarget() end
T2858 76696:130.810   Found SW-DP with ID 0x0BC11477
T2858 76696:133.056   DPIDR: 0x0BC11477
T2858 76696:133.080   Scanning AP map to find all available APs
T2858 76696:133.805   AP[1]: Stopped AP scan as end of AP map has been reached
T2858 76696:133.829   AP[0]: AHB-AP (IDR: 0x04770031)
T2858 76696:133.846   Iterating through AP map to find AHB-AP to use
T2858 76696:134.938   AP[0]: Core found
T2858 76696:134.975   AP[0]: AHB-AP ROM base: 0x41003000
T2858 76696:135.490   CPUID register: 0x410CC601. Implementer code: 0x41 (ARM)
T2858 76696:135.529   Found Cortex-M0 r0p1, Little endian.
T2858 76696:236.266   -- Max. mem block: 0x00002BA8
T2858 76696:236.418   CPU_ReadMem(4 bytes @ 0xE000EDF0)
T2858 76696:236.999   CPU_ReadMem(4 bytes @ 0xE0002000)
T2858 76696:237.447   FPUnit: 4 code (BP) slots and 0 literal slots
T2858 76696:237.464   CPU_ReadMem(4 bytes @ 0xE000EDFC)
T2858 76696:237.851   CPU_ReadMem(4 bytes @ 0xE0001000)
T2858 76696:238.247   CPU_WriteMem(4 bytes @ 0xE0001000)
T2858 76696:238.669   CoreSight components:
T2858 76696:238.689   ROMTbl[0] @ 41003000
T2858 76696:238.701   CPU_ReadMem(64 bytes @ 0x41003000)
T2858 76696:239.813   CPU_ReadMem(32 bytes @ 0xE00FFFE0)
T2858 76696:240.678   ROMTbl[0][0]: E00FF000, CID: B105100D, PID: 000BB4C0 ROM Table
T2858 76696:240.704   ROMTbl[1] @ E00FF000
T2858 76696:240.716   CPU_ReadMem(64 bytes @ 0xE00FF000)
T2858 76696:241.782   CPU_ReadMem(32 bytes @ 0xE000EFE0)
T2858 76696:242.547   ROMTbl[1][0]: E000E000, CID: B105E00D, PID: 000BB008 SCS
T2858 76696:242.560   CPU_ReadMem(32 bytes @ 0xE0001FE0)
T2858 76696:243.241   ROMTbl[1][1]: E0001000, CID: B105E00D, PID: 000BB00A DWT
T2858 76696:243.253   CPU_ReadMem(32 bytes @ 0xE0002FE0)
T2858 76696:244.016   ROMTbl[1][2]: E0002000, CID: B105E00D, PID: 000BB00B FPB
T2858 76696:244.075   CPU_ReadMem(32 bytes @ 0x41006FE0)
T2858 76696:244.795   ROMTbl[0][1]: 41006000, CID: B105900D, PID: 001BB932 MTB-M0+
T2858 76696:244.812 - 120.409ms returns 0x00
T2858 76696:244.887 JLINK_Halt()
T2858 76696:248.763 - 3.881ms returns 0x00
T2858 76696:249.759 JLINK_JTAG_GetDeviceID(DeviceIndex = 0)
T2858 76696:249.771 - 0.016ms returns 0
T2858 76696:249.781 JLINK_ReadMemU32(0x41002018, 0x1 Items)
T2858 76696:249.801   CPU_ReadMem(4 bytes @ 0x41002018)
T2858 76696:250.235   Data:  05 03 01 10
T2858 76696:250.247 - 0.469ms returns 1 (0x1)
T2760 76696:262.031 JLINK_IsHalted()
T2760 76696:262.052 - 0.026ms returns TRUE
T2760 76696:262.064 JLINK_GetMOEs(...)
T2760 76696:262.079   CPU_ReadMem(4 bytes @ 0xE000ED30)
T2760 76696:262.535 - 0.478ms returns 0x01
T2760 76696:262.552 JLINK_ReadReg(R15 (PC))
T2760 76696:262.564 - 0.015ms returns 0xFFFFFFFE
T2858 76696:267.583 JLINK_BeginDownload(Flags = 0x00000000)
T2858 76696:267.596 - 0.016ms
T2858 76696:267.614 JLINK_WriteMem(0x00000000, 0x1B8C Bytes, ...)
T2858 76696:267.623   Data:  30 25 00 20 B1 16 00 00 AD 16 00 00 AD 16 00 00 ...
T2858 76696:267.900   completely In flash
T2858 76696:267.927    -- Read from flash cache (7052 bytes @ 0x00000000)
T2858 76696:267.940 - 0.329ms returns 0x1B8C
T2858 76696:268.108 JLINK_WriteMem(0x00001B8C, 0x68 Bytes, ...)
T2858 76696:268.118   Data:  01 00 00 00 08 00 00 20 00 00 00 00 00 00 00 00 ...
T2858 76696:268.131   completely In flash
T2858 76696:268.144    -- Read from flash cache (104 bytes @ 0x00001B8C)
T2858 76696:268.155 - 0.050ms returns 0x68
T2760 76696:463.372 JLINK_IsHalted()
T2760 76696:463.878 - 0.514ms returns TRUE
T2858 76696:465.045 JLINK_EndDownload()
T2858 76696:465.325   CPU_ReadMem(4 bytes @ 0x41006004)
T2858 76696:466.484   CPU_ReadMem(4 bytes @ 0xE000ED90)
T2858 76696:467.041    -- --------------------------------------
T2858 76696:467.077   Flash bank @ 0x00000000: Default: L2 verify disabled because algorithm performs L1 verify
T2858 76696:467.123    -- Start of determining dirty areas in flash cache
T2858 76696:467.268    -- End of determining dirty areas
T2858 76696:467.290    -- Start of preparing flash programming
T2858 76696:467.309    -- Calculating RAM usage
T2858 76696:467.339    -- RAM usage = 2852 Bytes
T2858 76696:467.357    -- Preserving CPU registers
T2858 76696:467.398    -- Preparing memory
T2858 76696:467.418    -- Preparing target
T2858 76696:467.437    -- Preserving target RAM temporarily used for programming
T2858 76696:495.967    -- Downloading RAMCode
T2858 76696:524.673    -- Preparing RAMCode
T2858 76696:532.923    -- Checking target RAM
T2858 76696:540.057    -- End of preparing flash programming
T2858 76696:540.408   Looking for J-Link GUI Server exe at: C:\Program Files (x86)\Atmel\Studio\7.0\atbackend\JLinkGUIServer.exe
T2858 76696:540.533   Looking for J-Link GUI Server exe at: C:\Users\adith\SEGGER\JLink_V794a\JLinkGUIServer.exe
T2858 76696:540.606   Forking J-Link GUI Server: C:\Users\adith\SEGGER\JLink_V794a\JLinkGUIServer.exe
T2858 76696:575.463   J-Link GUI Server info: "J-Link GUI server V7.94a "
T2858 76696:585.117    -- CPU speed could not be measured.
T2858 76696:585.143    -- Start of comparing flash
T2858 76696:585.154    -- CRC check was estimated as fastest method
T2858 76696:630.866    -- Comparing range 0x0000 - 0x1BFF (28 Sectors, 7 KiB), using multi-block CRC calculation
T2858 76696:657.720    -- CRC does not match for sectors 0-27
T2858 76696:657.918    -- End of comparing flash
T2858 76696:657.930    -- Start of erasing sectors
T2858 76696:657.939    -- End of erasing sectors
T2858 76696:657.948    -- Start of flash programming
T2858 76696:657.960    -- Programming range 0x00000000 - 0x00001BFF ( 28 Sectors, 7 KB)
T2858 76696:787.414    -- End of flash programming
T2858 76696:787.457    -- 0x0000 - 0x1BFF ( 28 Sectors, 7 KoB)
T2858 76696:787.474    -- Start of restoring
T2858 76696:787.490    -- Restoring RAMCode
T2858 76696:811.277    -- Restoring target memory
T2858 76696:838.236    -- Restore target
T2858 76696:838.286    -- Restore memory
T2858 76696:838.305    -- Restoring CPU registers
T2858 76696:838.347    -- End of restoring
T2858 76696:838.452    -- Bank 0 @ 0x00000000: 1 range affected (7168 bytes)
T2858 76696:838.497    -- Total: 0.371s (Prepare: 0.117s, Compare: 0.072s, Erase: 0.000s, Program & Verify: 0.146s, Restore: 0.034s)
T2858 76696:838.532    -- Program & Verify speed: 48 KiB/s
T2858 76696:842.449 - 377.436ms returns 7168 (0x1C00)
T2858 76696:843.141 JLINK_ResetPullsRESET(ON)
T2858 76696:843.171 - 0.035ms
T2858 76696:843.187 JLINK_ResetNoHalt()
T2858 76696:843.519   InitTarget() start
T2858 76696:843.551    J-Link Script File: Executing InitTarget()
T2858 76696:843.584   InitTarget()
T2858 76696:846.878   InitTarget() end
T2858 76696:847.756   Found SW-DP with ID 0x0BC11477
T2858 76696:851.079   DPIDR: 0x0BC11477
T2858 76696:851.130   AP map detection skipped. Manually configured AP map found.
T2858 76696:851.160   AP[0]: AHB-AP (IDR: Not set)
T2858 76696:852.477   AP[0]: Core found
T2858 76696:852.532   AP[0]: AHB-AP ROM base: 0x41003000
T2858 76696:853.423   CPUID register: 0x410CC601. Implementer code: 0x41 (ARM)
T2858 76696:853.474   Found Cortex-M0 r0p1, Little endian.
T2858 76696:954.510   -- Max. mem block: 0x00002868
T2858 76696:954.581   CPU_ReadMem(4 bytes @ 0xE000EDF0)
T2858 76696:955.227   CPU_ReadMem(4 bytes @ 0xE0002000)
T2858 76696:956.030   FPUnit: 4 code (BP) slots and 0 literal slots
T2858 76696:956.096   CPU_ReadMem(4 bytes @ 0xE000EDFC)
T2858 76696:956.782   CPU_ReadMem(4 bytes @ 0xE0001000)
T2858 76696:957.602   CoreSight components:
T2858 76696:957.712   ROMTbl[0] @ 41003000
T2858 76696:957.750   CPU_ReadMem(64 bytes @ 0x41003000)
T2858 76696:958.967   CPU_ReadMem(32 bytes @ 0xE00FFFE0)
T2858 76696:959.936   ROMTbl[0][0]: E00FF000, CID: B105100D, PID: 000BB4C0 ROM Table
T2858 76696:960.015   ROMTbl[1] @ E00FF000
T2858 76696:960.054   CPU_ReadMem(64 bytes @ 0xE00FF000)
T2858 76696:961.249   CPU_ReadMem(32 bytes @ 0xE000EFE0)
T2858 76696:962.344   ROMTbl[1][0]: E000E000, CID: B105E00D, PID: 000BB008 SCS
T2858 76696:962.398   CPU_WriteMem(4 bytes @ 0xE0001000)
T2858 76696:963.024   CPU_ReadMem(32 bytes @ 0xE0001FE0)
T2858 76696:963.967   ROMTbl[1][1]: E0001000, CID: B105E00D, PID: 000BB00A DWT
T2858 76696:964.011   CPU_ReadMem(32 bytes @ 0xE0002FE0)
T2858 76696:964.987   ROMTbl[1][2]: E0002000, CID: B105E00D, PID: 000BB00B FPB
T2858 76696:965.028   CPU_ReadMem(32 bytes @ 0x41006FE0)
T2858 76696:965.985   ROMTbl[0][1]: 41006000, CID: B105900D, PID: 001BB932 MTB-M0+
T2858 76696:966.042   JLINK_Reset()
T2858 76696:966.107     CPU_ReadMem(4 bytes @ 0x20000000)
T2858 76696:966.948     CPU_WriteMem(4 bytes @ 0x20000000)
T2858 76696:967.650     ResetTarget() start
T2858 76696:967.690      J-Link Script File: Executing ResetTarget()
T2858 76696:968.925     CPU_ReadMem(4 bytes @ 0xE000EDFC)
T2858 76696:969.431     CPU_WriteMem(4 bytes @ 0xE000EDFC)
T2858 76696:969.990     CPU_WriteMem(4 bytes @ 0xE000ED0C)
T2858 76696:971.637     CPU_ReadMem(4 bytes @ 0xE000EDF0)
T2858 76696:972.269     CPU_ReadMem(4 bytes @ 0x41002100)
T2858 76696:972.899     CPU_WriteMem(4 bytes @ 0x41002100)
T2858 76696:973.573     CPU_ReadMem(4 bytes @ 0x41002100)
T2858 76696:974.221     CPU_WriteMem(4 bytes @ 0xE000EDFC)
T2858 76696:974.963     ResetTarget() end
T2858 76696:979.287     CPU_WriteMem(4 bytes @ 0xE0002000)
T2858 76696:979.914     CPU_ReadMem(4 bytes @ 0xE000EDFC)
T2858 76696:980.627     CPU_ReadMem(4 bytes @ 0xE0001000)
T2858 76696:981.131     CPU_WriteMem(4 bytes @ 0xE0001000)
T2858 76696:981.735   - 15.717ms
T2858 76696:981.774   JLINK_Go()
T2858 76696:981.800     CPU_ReadMem(4 bytes @ 0xE0001000)
T2858 76696:982.655     CPU_WriteMem(4 bytes @ 0xE0001000)
T2858 76696:983.282     CPU_WriteMem(4 bytes @ 0xE0001004)
T2858 76696:984.652   - 2.903ms
T2858 76696:984.687 - 141.505ms
T2858 76696:997.171 JLINK_Close()
T2858 76697:028.187 - 31.055ms
T2858 76697:028.237   
T2858 76697:028.249   Closed
